printf %.5f,%.14f,%.3f \n 16 110.25000000000000000000 3
printf %.4f, 3
printf %.5f,%.14f,%.3f \n 16 110.25000000000000000000 3
printf %.4f, 3
fact 4 5
fact 3 20
fact 2 60
fact 1 120
[] - printf %.5f,%.14f,%.3f \n 16 110.25000000000000000000 3
[] - printf %.4f, 3
[] - fact 4 5
[] - fact 3 20
[] - fact 2 60
[] - fact 1 120
[10:06:11] - printf %.5f,%.14f,%.3f \n 16 110.25000000000000000000 3
[10:06:11] - printf %.4f, 3
[10:06:11] - fact 4 5
[10:06:11] - fact 3 20
[10:06:11] - fact 2 60
[10:06:11] - fact 1 120
[] - printf %.5f,%.14f,%.3f \n 16 110.25000000000000000000 3
[] - printf %.4f, 3
[] - fact 4 5
[] - fact 3 20
[] - fact 2 60
[] - fact 1 120
[2022-03-10-219993149] - printf %.5f,%.14f,%.3f \n 16 110.25000000000000000000 3
[2022-03-10-221601356] - printf %.4f, 3
[2022-03-10-231055308] - fact 4 5
[2022-03-10-232992187] - fact 3 20
[2022-03-10-234723795] - fact 2 60
[2022-03-10-236848973] - fact 1 120
[2022-03-10-650128890] - printf %.5f,%.14f,%.3f \n 16 110.25000000000000000000 3
[2022-03-10-652841982] - printf %.4f, 3
[2022-03-10-662158729] - fact 4 5
[2022-03-10-664196187] - fact 3 20
[2022-03-10-665927410] - fact 2 60
[2022-03-10-668006419] - fact 1 120
[2022-03-10-771805343] - printf %.5f,%.14f,%.3f \n 16 110.25000000000000000000 3
[2022-03-10-774770828] - printf %.4f, 3
[2022-03-10-784955071] - fact 4 5
[2022-03-10-788315436] - fact 3 20
[2022-03-10-791650034] - fact 2 60
[2022-03-10-793569312] - fact 1 120
